{
  "uid" : "69d3b7b9c2919beb",
  "name" : "Confirmation Page Validating",
  "fullName" : "core.AllureReportTest.ConfirmationTest",
  "historyId" : "866f8e658b6a7c28aa580d3973b941a7",
  "time" : {
    "start" : 1567181931420,
    "stop" : 1567181931420,
    "duration" : 0
  },
  "description" : "Confirmation: Elemets Validation",
  "descriptionHtml" : "<p>Confirmation: Elemets Validation</p>\n",
  "status" : "skipped",
  "statusMessage" : "Method AllureReportTest.ConfirmationTest()[pri:2, instance:core.AllureReportTest@2555fff0] depends on not successfully finished methods",
  "statusTrace" : "java.lang.Throwable: Method AllureReportTest.ConfirmationTest()[pri:2, instance:core.AllureReportTest@2555fff0] depends on not successfully finished methods\n\tat org.testng.internal.TestInvoker.invokeTestMethods(TestInvoker.java:99)\n\tat org.testng.internal.TestMethodWorker.invokeTestMethods(TestMethodWorker.java:146)\n\tat org.testng.internal.TestMethodWorker.run(TestMethodWorker.java:128)\n\tat java.util.ArrayList.forEach(ArrayList.java:1257)\n\tat org.testng.TestRunner.privateRun(TestRunner.java:770)\n\tat org.testng.TestRunner.run(TestRunner.java:591)\n\tat org.testng.SuiteRunner.runTest(SuiteRunner.java:402)\n\tat org.testng.SuiteRunner.runSequentially(SuiteRunner.java:396)\n\tat org.testng.SuiteRunner.privateRun(SuiteRunner.java:355)\n\tat org.testng.SuiteRunner.run(SuiteRunner.java:304)\n\tat org.testng.SuiteRunnerWorker.runSuite(SuiteRunnerWorker.java:53)\n\tat org.testng.SuiteRunnerWorker.run(SuiteRunnerWorker.java:96)\n\tat org.testng.TestNG.runSuitesSequentially(TestNG.java:1180)\n\tat org.testng.TestNG.runSuitesLocally(TestNG.java:1102)\n\tat org.testng.TestNG.runSuites(TestNG.java:1032)\n\tat org.testng.TestNG.run(TestNG.java:1000)\n\tat org.apache.maven.surefire.testng.TestNGExecutor.run(TestNGExecutor.java:135)\n\tat org.apache.maven.surefire.testng.TestNGDirectoryTestSuite.executeSingleClass(TestNGDirectoryTestSuite.java:112)\n\tat org.apache.maven.surefire.testng.TestNGDirectoryTestSuite.execute(TestNGDirectoryTestSuite.java:99)\n\tat org.apache.maven.surefire.testng.TestNGProvider.invoke(TestNGProvider.java:146)\n\tat org.apache.maven.surefire.booter.ForkedBooter.invokeProviderInSameClassLoader(ForkedBooter.java:384)\n\tat org.apache.maven.surefire.booter.ForkedBooter.runSuitesInProcess(ForkedBooter.java:345)\n\tat org.apache.maven.surefire.booter.ForkedBooter.execute(ForkedBooter.java:126)\n\tat org.apache.maven.surefire.booter.ForkedBooter.main(ForkedBooter.java:418)\n",
  "flaky" : false,
  "beforeStages" : [ {
    "name" : "setUp",
    "time" : {
      "start" : 1567181910837,
      "stop" : 1567181931281,
      "duration" : 20444
    },
    "description" : "",
    "status" : "broken",
    "statusMessage" : "Timed out waiting for driver server to start.\nBuild info: version: '3.141.59', revision: 'e82be7d358', time: '2018-11-14T08:17:03'\nSystem info: host: 'vaulin-macbookpro.roam.corp.google.com', ip: 'fe80:0:0:0:14e4:99dd:ddd:a8f%en0', os.name: 'Mac OS X', os.arch: 'x86_64', os.version: '10.14.6', java.version: '1.8.0_211'\nDriver info: driver.version: ChromeDriver",
    "statusTrace" : "org.openqa.selenium.WebDriverException: Timed out waiting for driver server to start.\nBuild info: version: '3.141.59', revision: 'e82be7d358', time: '2018-11-14T08:17:03'\nSystem info: host: 'vaulin-macbookpro.roam.corp.google.com', ip: 'fe80:0:0:0:14e4:99dd:ddd:a8f%en0', os.name: 'Mac OS X', os.arch: 'x86_64', os.version: '10.14.6', java.version: '1.8.0_211'\nDriver info: driver.version: ChromeDriver\n\tat org.openqa.selenium.remote.service.DriverService.waitUntilAvailable(DriverService.java:202)\n\tat org.openqa.selenium.remote.service.DriverService.start(DriverService.java:188)\n\tat org.openqa.selenium.remote.service.DriverCommandExecutor.execute(DriverCommandExecutor.java:79)\n\tat org.openqa.selenium.remote.RemoteWebDriver.execute(RemoteWebDriver.java:552)\n\tat org.openqa.selenium.remote.RemoteWebDriver.startSession(RemoteWebDriver.java:213)\n\tat org.openqa.selenium.remote.RemoteWebDriver.<init>(RemoteWebDriver.java:131)\n\tat org.openqa.selenium.chrome.ChromeDriver.<init>(ChromeDriver.java:181)\n\tat org.openqa.selenium.chrome.ChromeDriver.<init>(ChromeDriver.java:168)\n\tat org.openqa.selenium.chrome.ChromeDriver.<init>(ChromeDriver.java:157)\n\tat core.Common.getWebDriver(Common.java:52)\n\tat core.Common.open(Common.java:75)\n\tat core.SignUp.open(SignUp.java:16)\n\tat core.AllureReportTest.setUp(AllureReportTest.java:138)\n\tat sun.reflect.NativeMethodAccessorImpl.invoke0(Native Method)\n\tat sun.reflect.NativeMethodAccessorImpl.invoke(NativeMethodAccessorImpl.java:62)\n\tat sun.reflect.DelegatingMethodAccessorImpl.invoke(DelegatingMethodAccessorImpl.java:43)\n\tat java.lang.reflect.Method.invoke(Method.java:498)\n\tat org.testng.internal.MethodInvocationHelper.invokeMethod(MethodInvocationHelper.java:133)\n\tat org.testng.internal.MethodInvocationHelper.invokeMethodConsideringTimeout(MethodInvocationHelper.java:62)\n\tat org.testng.internal.ConfigInvoker.invokeConfigurationMethod(ConfigInvoker.java:340)\n\tat org.testng.internal.ConfigInvoker.invokeConfigurations(ConfigInvoker.java:294)\n\tat org.testng.internal.TestMethodWorker.invokeBeforeClassMethods(TestMethodWorker.java:176)\n\tat org.testng.internal.TestMethodWorker.run(TestMethodWorker.java:122)\n\tat java.util.ArrayList.forEach(ArrayList.java:1257)\n\tat org.testng.TestRunner.privateRun(TestRunner.java:770)\n\tat org.testng.TestRunner.run(TestRunner.java:591)\n\tat org.testng.SuiteRunner.runTest(SuiteRunner.java:402)\n\tat org.testng.SuiteRunner.runSequentially(SuiteRunner.java:396)\n\tat org.testng.SuiteRunner.privateRun(SuiteRunner.java:355)\n\tat org.testng.SuiteRunner.run(SuiteRunner.java:304)\n\tat org.testng.SuiteRunnerWorker.runSuite(SuiteRunnerWorker.java:53)\n\tat org.testng.SuiteRunnerWorker.run(SuiteRunnerWorker.java:96)\n\tat org.testng.TestNG.runSuitesSequentially(TestNG.java:1180)\n\tat org.testng.TestNG.runSuitesLocally(TestNG.java:1102)\n\tat org.testng.TestNG.runSuites(TestNG.java:1032)\n\tat org.testng.TestNG.run(TestNG.java:1000)\n\tat org.apache.maven.surefire.testng.TestNGExecutor.run(TestNGExecutor.java:135)\n\tat org.apache.maven.surefire.testng.TestNGDirectoryTestSuite.executeSingleClass(TestNGDirectoryTestSuite.java:112)\n\tat org.apache.maven.surefire.testng.TestNGDirectoryTestSuite.execute(TestNGDirectoryTestSuite.java:99)\n\tat org.apache.maven.surefire.testng.TestNGProvider.invoke(TestNGProvider.java:146)\n\tat org.apache.maven.surefire.booter.ForkedBooter.invokeProviderInSameClassLoader(ForkedBooter.java:384)\n\tat org.apache.maven.surefire.booter.ForkedBooter.runSuitesInProcess(ForkedBooter.java:345)\n\tat org.apache.maven.surefire.booter.ForkedBooter.execute(ForkedBooter.java:126)\n\tat org.apache.maven.surefire.booter.ForkedBooter.main(ForkedBooter.java:418)\nCaused by: org.openqa.selenium.net.UrlChecker$TimeoutException: Timed out waiting for [http://localhost:33383/status] to be available after 20004 ms\n\tat org.openqa.selenium.net.UrlChecker.waitUntilAvailable(UrlChecker.java:100)\n\tat org.openqa.selenium.remote.service.DriverService.waitUntilAvailable(DriverService.java:197)\n\t... 43 more\nCaused by: java.util.concurrent.TimeoutException\n\tat java.util.concurrent.FutureTask.get(FutureTask.java:205)\n\tat com.google.common.util.concurrent.SimpleTimeLimiter.callWithTimeout(SimpleTimeLimiter.java:156)\n\tat org.openqa.selenium.net.UrlChecker.waitUntilAvailable(UrlChecker.java:75)\n\t... 44 more\n",
    "steps" : [ {
      "name" : "Step [open browser]",
      "time" : {
        "start" : 1567181910855,
        "stop" : 1567181931280,
        "duration" : 20425
      },
      "status" : "broken",
      "statusMessage" : "Timed out waiting for driver server to start.\nBuild info: version: '3.141.59', revision: 'e82be7d358', time: '2018-11-14T08:17:03'\nSystem info: host: 'vaulin-macbookpro.roam.corp.google.com', ip: 'fe80:0:0:0:14e4:99dd:ddd:a8f%en0', os.name: 'Mac OS X', os.arch: 'x86_64', os.version: '10.14.6', java.version: '1.8.0_211'\nDriver info: driver.version: ChromeDriver",
      "statusTrace" : "org.openqa.selenium.WebDriverException: Timed out waiting for driver server to start.\nBuild info: version: '3.141.59', revision: 'e82be7d358', time: '2018-11-14T08:17:03'\nSystem info: host: 'vaulin-macbookpro.roam.corp.google.com', ip: 'fe80:0:0:0:14e4:99dd:ddd:a8f%en0', os.name: 'Mac OS X', os.arch: 'x86_64', os.version: '10.14.6', java.version: '1.8.0_211'\nDriver info: driver.version: ChromeDriver\n\tat org.openqa.selenium.remote.service.DriverService.waitUntilAvailable(DriverService.java:202)\n\tat org.openqa.selenium.remote.service.DriverService.start(DriverService.java:188)\n\tat org.openqa.selenium.remote.service.DriverCommandExecutor.execute(DriverCommandExecutor.java:79)\n\tat org.openqa.selenium.remote.RemoteWebDriver.execute(RemoteWebDriver.java:552)\n\tat org.openqa.selenium.remote.RemoteWebDriver.startSession(RemoteWebDriver.java:213)\n\tat org.openqa.selenium.remote.RemoteWebDriver.<init>(RemoteWebDriver.java:131)\n\tat org.openqa.selenium.chrome.ChromeDriver.<init>(ChromeDriver.java:181)\n\tat org.openqa.selenium.chrome.ChromeDriver.<init>(ChromeDriver.java:168)\n\tat org.openqa.selenium.chrome.ChromeDriver.<init>(ChromeDriver.java:157)\n\tat core.Common.getWebDriver(Common.java:52)\n\tat core.Common.open(Common.java:75)\n\tat core.SignUp.open(SignUp.java:16)\n\tat core.AllureReportTest.setUp(AllureReportTest.java:138)\n\tat sun.reflect.NativeMethodAccessorImpl.invoke0(Native Method)\n\tat sun.reflect.NativeMethodAccessorImpl.invoke(NativeMethodAccessorImpl.java:62)\n\tat sun.reflect.DelegatingMethodAccessorImpl.invoke(DelegatingMethodAccessorImpl.java:43)\n\tat java.lang.reflect.Method.invoke(Method.java:498)\n\tat org.testng.internal.MethodInvocationHelper.invokeMethod(MethodInvocationHelper.java:133)\n\tat org.testng.internal.MethodInvocationHelper.invokeMethodConsideringTimeout(MethodInvocationHelper.java:62)\n\tat org.testng.internal.ConfigInvoker.invokeConfigurationMethod(ConfigInvoker.java:340)\n\tat org.testng.internal.ConfigInvoker.invokeConfigurations(ConfigInvoker.java:294)\n\tat org.testng.internal.TestMethodWorker.invokeBeforeClassMethods(TestMethodWorker.java:176)\n\tat org.testng.internal.TestMethodWorker.run(TestMethodWorker.java:122)\n\tat java.util.ArrayList.forEach(ArrayList.java:1257)\n\tat org.testng.TestRunner.privateRun(TestRunner.java:770)\n\tat org.testng.TestRunner.run(TestRunner.java:591)\n\tat org.testng.SuiteRunner.runTest(SuiteRunner.java:402)\n\tat org.testng.SuiteRunner.runSequentially(SuiteRunner.java:396)\n\tat org.testng.SuiteRunner.privateRun(SuiteRunner.java:355)\n\tat org.testng.SuiteRunner.run(SuiteRunner.java:304)\n\tat org.testng.SuiteRunnerWorker.runSuite(SuiteRunnerWorker.java:53)\n\tat org.testng.SuiteRunnerWorker.run(SuiteRunnerWorker.java:96)\n\tat org.testng.TestNG.runSuitesSequentially(TestNG.java:1180)\n\tat org.testng.TestNG.runSuitesLocally(TestNG.java:1102)\n\tat org.testng.TestNG.runSuites(TestNG.java:1032)\n\tat org.testng.TestNG.run(TestNG.java:1000)\n\tat org.apache.maven.surefire.testng.TestNGExecutor.run(TestNGExecutor.java:135)\n\tat org.apache.maven.surefire.testng.TestNGDirectoryTestSuite.executeSingleClass(TestNGDirectoryTestSuite.java:112)\n\tat org.apache.maven.surefire.testng.TestNGDirectoryTestSuite.execute(TestNGDirectoryTestSuite.java:99)\n\tat org.apache.maven.surefire.testng.TestNGProvider.invoke(TestNGProvider.java:146)\n\tat org.apache.maven.surefire.booter.ForkedBooter.invokeProviderInSameClassLoader(ForkedBooter.java:384)\n\tat org.apache.maven.surefire.booter.ForkedBooter.runSuitesInProcess(ForkedBooter.java:345)\n\tat org.apache.maven.surefire.booter.ForkedBooter.execute(ForkedBooter.java:126)\n\tat org.apache.maven.surefire.booter.ForkedBooter.main(ForkedBooter.java:418)\nCaused by: org.openqa.selenium.net.UrlChecker$TimeoutException: Timed out waiting for [http://localhost:33383/status] to be available after 20004 ms\n\tat org.openqa.selenium.net.UrlChecker.waitUntilAvailable(UrlChecker.java:100)\n\tat org.openqa.selenium.remote.service.DriverService.waitUntilAvailable(DriverService.java:197)\n\t... 43 more\nCaused by: java.util.concurrent.TimeoutException\n\tat java.util.concurrent.FutureTask.get(FutureTask.java:205)\n\tat com.google.common.util.concurrent.SimpleTimeLimiter.callWithTimeout(SimpleTimeLimiter.java:156)\n\tat org.openqa.selenium.net.UrlChecker.waitUntilAvailable(UrlChecker.java:75)\n\t... 44 more\n",
      "steps" : [ ],
      "attachments" : [ ],
      "parameters" : [ ],
      "stepsCount" : 0,
      "attachmentsCount" : 0,
      "shouldDisplayMessage" : true,
      "hasContent" : true
    } ],
    "attachments" : [ ],
    "parameters" : [ ],
    "stepsCount" : 1,
    "attachmentsCount" : 0,
    "shouldDisplayMessage" : false,
    "hasContent" : true
  } ],
  "afterStages" : [ {
    "name" : "tearDowm",
    "time" : {
      "start" : 1567181931422,
      "stop" : 1567181931422,
      "duration" : 0
    },
    "description" : "",
    "status" : "broken",
    "steps" : [ ],
    "attachments" : [ ],
    "parameters" : [ ],
    "stepsCount" : 0,
    "attachmentsCount" : 0,
    "shouldDisplayMessage" : false,
    "hasContent" : false
  } ],
  "labels" : [ {
    "name" : "package",
    "value" : "core.AllureReportTest"
  }, {
    "name" : "testClass",
    "value" : "core.AllureReportTest"
  }, {
    "name" : "testMethod",
    "value" : "ConfirmationTest"
  }, {
    "name" : "parentSuite",
    "value" : "Surefire suite"
  }, {
    "name" : "suite",
    "value" : "Surefire test"
  }, {
    "name" : "subSuite",
    "value" : "core.AllureReportTest"
  }, {
    "name" : "host",
    "value" : "vaulin-macbookpro.roam.corp.google.com"
  }, {
    "name" : "thread",
    "value" : "46033@vaulin-macbookpro.roam.corp.google.com.main(1)"
  }, {
    "name" : "framework",
    "value" : "testng"
  }, {
    "name" : "language",
    "value" : "java"
  }, {
    "name" : "resultFormat",
    "value" : "allure2"
  } ],
  "parameters" : [ ],
  "links" : [ ],
  "hidden" : false,
  "retry" : false,
  "extra" : {
    "severity" : "normal",
    "retries" : [ {
      "uid" : "154fd746172d3064",
      "status" : "skipped",
      "statusDetails" : "Method AllureReportTest.ConfirmationTest()[pri:2, instance:core.AllureReportTest@7a0e1b5e] depends on not successfully finished methods",
      "time" : {
        "start" : 1567181705204,
        "stop" : 1567181705204,
        "duration" : 0
      }
    }, {
      "uid" : "bd7413bb3a57c6ef",
      "status" : "skipped",
      "statusDetails" : "Method AllureReportTest.ConfirmationTest()[pri:2, instance:core.AllureReportTest@7a0e1b5e] depends on not successfully finished methods",
      "time" : {
        "start" : 1567181562451,
        "stop" : 1567181562452,
        "duration" : 1
      }
    }, {
      "uid" : "fc669b81afc67851",
      "status" : "skipped",
      "statusDetails" : "Method AllureReportTest.ConfirmationTest()[pri:2, instance:core.AllureReportTest@7a0e1b5e] depends on not successfully finished methods",
      "time" : {
        "start" : 1567181026938,
        "stop" : 1567181026938,
        "duration" : 0
      }
    }, {
      "uid" : "6b10f604be6a7529",
      "status" : "skipped",
      "statusDetails" : "Method AllureReportTest.ConfirmationTest()[pri:2, instance:core.AllureReportTest@aec50a1] depends on not successfully finished methods",
      "time" : {
        "start" : 1566948266037,
        "stop" : 1566948266037,
        "duration" : 0
      }
    }, {
      "uid" : "f51a91a178a0281d",
      "status" : "passed",
      "time" : {
        "start" : 1566948124742,
        "stop" : 1566948125787,
        "duration" : 1045
      }
    }, {
      "uid" : "ca58a1656c9d67a4",
      "status" : "skipped",
      "statusDetails" : "Method AllureReportTest.ConfirmationTest()[pri:2, instance:core.AllureReportTest@120f38e6] depends on not successfully finished methods",
      "time" : {
        "start" : 1566948041633,
        "stop" : 1566948041633,
        "duration" : 0
      }
    }, {
      "uid" : "835acdf1f88c895c",
      "status" : "passed",
      "time" : {
        "start" : 1566421758006,
        "stop" : 1566421758923,
        "duration" : 917
      }
    }, {
      "uid" : "4711fb8c719dd982",
      "status" : "passed",
      "time" : {
        "start" : 1566420716519,
        "stop" : 1566420717464,
        "duration" : 945
      }
    }, {
      "uid" : "70b5bafa38892c88",
      "status" : "passed",
      "time" : {
        "start" : 1566420156072,
        "stop" : 1566420157024,
        "duration" : 952
      }
    }, {
      "uid" : "55bda0a65b8d92d6",
      "status" : "passed",
      "time" : {
        "start" : 1566419889098,
        "stop" : 1566419890030,
        "duration" : 932
      }
    }, {
      "uid" : "9dc482f2d7bd32e2",
      "status" : "passed",
      "time" : {
        "start" : 1566419520175,
        "stop" : 1566419521119,
        "duration" : 944
      }
    }, {
      "uid" : "8bbc7401a16aa275",
      "status" : "passed",
      "time" : {
        "start" : 1566419257752,
        "stop" : 1566419258697,
        "duration" : 945
      }
    }, {
      "uid" : "2ea36d9d085db4c4",
      "status" : "passed",
      "time" : {
        "start" : 1566418699402,
        "stop" : 1566418700345,
        "duration" : 943
      }
    }, {
      "uid" : "f9aaeecda0d37e98",
      "status" : "passed",
      "time" : {
        "start" : 1566344771806,
        "stop" : 1566344772815,
        "duration" : 1009
      }
    }, {
      "uid" : "dc6675717dbd8439",
      "status" : "passed",
      "time" : {
        "start" : 1566344749484,
        "stop" : 1566344750410,
        "duration" : 926
      }
    }, {
      "uid" : "9191b7e7e1297b90",
      "status" : "passed",
      "time" : {
        "start" : 1566344653467,
        "stop" : 1566344654406,
        "duration" : 939
      }
    } ],
    "categories" : [ {
      "name" : "Ignored",
      "matchedStatuses" : [ "skipped" ],
      "flaky" : false
    } ],
    "history" : {
      "statistic" : {
        "failed" : 0,
        "broken" : 0,
        "skipped" : 10,
        "passed" : 12,
        "unknown" : 0,
        "total" : 22
      },
      "items" : [ {
        "uid" : "9c4664221540e075",
        "status" : "skipped",
        "statusDetails" : "Method AllureReportTest.ConfirmationTest()[pri:2, instance:core.AllureReportTest@7a0e1b5e] depends on not successfully finished methods",
        "time" : {
          "start" : 1567181705204,
          "stop" : 1567181705204,
          "duration" : 0
        }
      }, {
        "uid" : "ddcceda191a5a7ee",
        "status" : "skipped",
        "statusDetails" : "Method AllureReportTest.ConfirmationTest()[pri:2, instance:core.AllureReportTest@7a0e1b5e] depends on not successfully finished methods",
        "time" : {
          "start" : 1567181562451,
          "stop" : 1567181562452,
          "duration" : 1
        }
      }, {
        "uid" : "bb4c5cc21f3e1435",
        "status" : "skipped",
        "statusDetails" : "Method AllureReportTest.ConfirmationTest()[pri:2, instance:core.AllureReportTest@7a0e1b5e] depends on not successfully finished methods",
        "time" : {
          "start" : 1567181562451,
          "stop" : 1567181562452,
          "duration" : 1
        }
      }, {
        "uid" : "55c1da2db6a7d23c",
        "status" : "skipped",
        "statusDetails" : "Method AllureReportTest.ConfirmationTest()[pri:2, instance:core.AllureReportTest@7a0e1b5e] depends on not successfully finished methods",
        "time" : {
          "start" : 1567181026938,
          "stop" : 1567181026938,
          "duration" : 0
        }
      }, {
        "uid" : "1c0d0aeec1e95ef6",
        "status" : "skipped",
        "statusDetails" : "Method AllureReportTest.ConfirmationTest()[pri:2, instance:core.AllureReportTest@aec50a1] depends on not successfully finished methods",
        "time" : {
          "start" : 1566948266037,
          "stop" : 1566948266037,
          "duration" : 0
        }
      } ]
    },
    "tags" : [ ]
  },
  "source" : "69d3b7b9c2919beb.json",
  "parameterValues" : [ ]
}