{
  "uid" : "717ea0290f12681f",
  "name" : "SignUpTest",
  "fullName" : "core.ExtentReportsTest.SignUpTest",
  "historyId" : "c6a5c35a3a1974d97f559033b0a31ee7",
  "time" : {
    "start" : 1567225478758,
    "stop" : 1567225478776,
    "duration" : 18
  },
  "status" : "broken",
  "statusMessage" : "Cannot find elements when the id is null.",
  "statusTrace" : "java.lang.IllegalArgumentException: Cannot find elements when the id is null.\n\tat org.openqa.selenium.By$ById.<init>(By.java:171)\n\tat org.openqa.selenium.By.id(By.java:52)\n\tat core.SignUp.validate(SignUp.java:23)\n\tat core.ExtentReportsTest.SignUpTest(ExtentReportsTest.java:43)\n\tat sun.reflect.NativeMethodAccessorImpl.invoke0(Native Method)\n\tat sun.reflect.NativeMethodAccessorImpl.invoke(NativeMethodAccessorImpl.java:62)\n\tat sun.reflect.DelegatingMethodAccessorImpl.invoke(DelegatingMethodAccessorImpl.java:43)\n\tat java.lang.reflect.Method.invoke(Method.java:498)\n\tat org.testng.internal.MethodInvocationHelper.invokeMethod(MethodInvocationHelper.java:133)\n\tat org.testng.internal.TestInvoker.invokeMethod(TestInvoker.java:584)\n\tat org.testng.internal.TestInvoker.invokeTestMethod(TestInvoker.java:172)\n\tat org.testng.internal.MethodRunner.runInSequence(MethodRunner.java:46)\n\tat org.testng.internal.TestInvoker$MethodInvocationAgent.invoke(TestInvoker.java:804)\n\tat org.testng.internal.TestInvoker.invokeTestMethods(TestInvoker.java:145)\n\tat org.testng.internal.TestMethodWorker.invokeTestMethods(TestMethodWorker.java:146)\n\tat org.testng.internal.TestMethodWorker.run(TestMethodWorker.java:128)\n\tat java.util.ArrayList.forEach(ArrayList.java:1257)\n\tat org.testng.TestRunner.privateRun(TestRunner.java:770)\n\tat org.testng.TestRunner.run(TestRunner.java:591)\n\tat org.testng.SuiteRunner.runTest(SuiteRunner.java:402)\n\tat org.testng.SuiteRunner.runSequentially(SuiteRunner.java:396)\n\tat org.testng.SuiteRunner.privateRun(SuiteRunner.java:355)\n\tat org.testng.SuiteRunner.run(SuiteRunner.java:304)\n\tat org.testng.SuiteRunnerWorker.runSuite(SuiteRunnerWorker.java:53)\n\tat org.testng.SuiteRunnerWorker.run(SuiteRunnerWorker.java:96)\n\tat org.testng.TestNG.runSuitesSequentially(TestNG.java:1180)\n\tat org.testng.TestNG.runSuitesLocally(TestNG.java:1102)\n\tat org.testng.TestNG.runSuites(TestNG.java:1032)\n\tat org.testng.TestNG.run(TestNG.java:1000)\n\tat org.apache.maven.surefire.testng.TestNGExecutor.run(TestNGExecutor.java:135)\n\tat org.apache.maven.surefire.testng.TestNGDirectoryTestSuite.executeSingleClass(TestNGDirectoryTestSuite.java:112)\n\tat org.apache.maven.surefire.testng.TestNGDirectoryTestSuite.execute(TestNGDirectoryTestSuite.java:99)\n\tat org.apache.maven.surefire.testng.TestNGProvider.invoke(TestNGProvider.java:146)\n\tat org.apache.maven.surefire.booter.ForkedBooter.invokeProviderInSameClassLoader(ForkedBooter.java:384)\n\tat org.apache.maven.surefire.booter.ForkedBooter.runSuitesInProcess(ForkedBooter.java:345)\n\tat org.apache.maven.surefire.booter.ForkedBooter.execute(ForkedBooter.java:126)\n\tat org.apache.maven.surefire.booter.ForkedBooter.main(ForkedBooter.java:418)\n",
  "flaky" : true,
  "beforeStages" : [ {
    "name" : "beforeClass",
    "time" : {
      "start" : 1567225475726,
      "stop" : 1567225478706,
      "duration" : 2980
    },
    "description" : "",
    "status" : "passed",
    "steps" : [ ],
    "attachments" : [ ],
    "parameters" : [ ],
    "stepsCount" : 0,
    "attachmentsCount" : 0,
    "shouldDisplayMessage" : false,
    "hasContent" : false
  }, {
    "name" : "startReport",
    "time" : {
      "start" : 1567225475605,
      "stop" : 1567225475714,
      "duration" : 109
    },
    "description" : "",
    "status" : "passed",
    "steps" : [ ],
    "attachments" : [ ],
    "parameters" : [ ],
    "stepsCount" : 0,
    "attachmentsCount" : 0,
    "shouldDisplayMessage" : false,
    "hasContent" : false
  } ],
  "afterStages" : [ {
    "name" : "afterClass",
    "time" : {
      "start" : 1567225478968,
      "stop" : 1567225479041,
      "duration" : 73
    },
    "description" : "",
    "status" : "passed",
    "steps" : [ ],
    "attachments" : [ ],
    "parameters" : [ ],
    "stepsCount" : 0,
    "attachmentsCount" : 0,
    "shouldDisplayMessage" : false,
    "hasContent" : false
  }, {
    "name" : "endReport",
    "time" : {
      "start" : 1567225479041,
      "stop" : 1567225479307,
      "duration" : 266
    },
    "description" : "",
    "status" : "passed",
    "steps" : [ ],
    "attachments" : [ ],
    "parameters" : [ ],
    "stepsCount" : 0,
    "attachmentsCount" : 0,
    "shouldDisplayMessage" : false,
    "hasContent" : false
  }, {
    "name" : "getResult",
    "time" : {
      "start" : 1567225478859,
      "stop" : 1567225478957,
      "duration" : 98
    },
    "description" : "",
    "status" : "passed",
    "steps" : [ ],
    "attachments" : [ ],
    "parameters" : [ ],
    "stepsCount" : 0,
    "attachmentsCount" : 0,
    "shouldDisplayMessage" : false,
    "hasContent" : false
  } ],
  "labels" : [ {
    "name" : "package",
    "value" : "core.ExtentReportsTest"
  }, {
    "name" : "testClass",
    "value" : "core.ExtentReportsTest"
  }, {
    "name" : "testMethod",
    "value" : "SignUpTest"
  }, {
    "name" : "parentSuite",
    "value" : "Surefire suite"
  }, {
    "name" : "suite",
    "value" : "Surefire test"
  }, {
    "name" : "subSuite",
    "value" : "core.ExtentReportsTest"
  }, {
    "name" : "host",
    "value" : "vaulin-macbookpro.roam.corp.google.com"
  }, {
    "name" : "thread",
    "value" : "71123@vaulin-macbookpro.roam.corp.google.com.main(1)"
  }, {
    "name" : "framework",
    "value" : "testng"
  }, {
    "name" : "language",
    "value" : "java"
  }, {
    "name" : "resultFormat",
    "value" : "allure2"
  } ],
  "parameters" : [ ],
  "links" : [ ],
  "hidden" : false,
  "retry" : false,
  "extra" : {
    "severity" : "normal",
    "retries" : [ {
      "uid" : "f03897bf3272f277",
      "status" : "broken",
      "statusDetails" : "Cannot find elements when the id is null.",
      "time" : {
        "start" : 1567225211710,
        "stop" : 1567225211722,
        "duration" : 12
      }
    }, {
      "uid" : "f13850983e387e37",
      "status" : "broken",
      "statusDetails" : "Cannot find elements when the id is null.",
      "time" : {
        "start" : 1567219876322,
        "stop" : 1567219876334,
        "duration" : 12
      }
    }, {
      "uid" : "df3810f9200ac09c",
      "status" : "broken",
      "statusDetails" : "Cannot find elements when the id is null.",
      "time" : {
        "start" : 1567219237285,
        "stop" : 1567219237298,
        "duration" : 13
      }
    }, {
      "uid" : "3f4a5f53659a7337",
      "status" : "broken",
      "statusDetails" : "Cannot find elements when the id is null.",
      "time" : {
        "start" : 1567219074338,
        "stop" : 1567219074349,
        "duration" : 11
      }
    }, {
      "uid" : "a63d88e990f8a37d",
      "status" : "broken",
      "statusDetails" : "Cannot find elements when the id is null.",
      "time" : {
        "start" : 1567218834987,
        "stop" : 1567218835003,
        "duration" : 16
      }
    }, {
      "uid" : "bbaf71187cb60d35",
      "status" : "skipped",
      "statusDetails" : "java.net.ConnectException: Failed to connect to localhost/0:0:0:0:0:0:0:1:43319\nBuild info: version: '3.141.59', revision: 'e82be7d358', time: '2018-11-14T08:17:03'\nSystem info: host: 'vaulin-macbookpro.roam.corp.google.com', ip: '2600:1700:b011:aaa0:0:0:0:600%en0', os.name: 'Mac OS X', os.arch: 'x86_64', os.version: '10.14.6', java.version: '1.8.0_211'\nDriver info: driver.version: SafariDriver",
      "time" : {
        "start" : 1567218708348,
        "stop" : 1567218708350,
        "duration" : 2
      }
    }, {
      "uid" : "4beff8c4d3eab178",
      "status" : "broken",
      "statusDetails" : "Cannot find elements when the id is null.",
      "time" : {
        "start" : 1567206389023,
        "stop" : 1567206389785,
        "duration" : 762
      }
    }, {
      "uid" : "cd57dd3cae31e311",
      "status" : "broken",
      "statusDetails" : "Cannot find elements when the id is null.",
      "time" : {
        "start" : 1567181592456,
        "stop" : 1567181593478,
        "duration" : 1022
      }
    }, {
      "uid" : "6248162c99b203c0",
      "status" : "skipped",
      "statusDetails" : "Cannot find firefox binary in PATH. Make sure firefox is installed. OS appears to be: MAC\nBuild info: version: '3.141.59', revision: 'e82be7d358', time: '2018-11-14T08:17:03'\nSystem info: host: 'vaulin-macbookpro.roam.corp.google.com', ip: 'fe80:0:0:0:14e4:99dd:ddd:a8f%en0', os.name: 'Mac OS X', os.arch: 'x86_64', os.version: '10.14.6', java.version: '1.8.0_211'\nDriver info: driver.version: FirefoxDriver",
      "time" : {
        "start" : 1567180994583,
        "stop" : 1567180994586,
        "duration" : 3
      }
    }, {
      "uid" : "1aee03cb0009318",
      "status" : "skipped",
      "statusDetails" : "Cannot find firefox binary in PATH. Make sure firefox is installed. OS appears to be: MAC\nBuild info: version: '3.141.59', revision: 'e82be7d358', time: '2018-11-14T08:17:03'\nSystem info: host: 'vaulin-macbookpro.roam.corp.google.com', ip: '2620:0:1006:fd00:95ea:c60c:f852:d17d%en0', os.name: 'Mac OS X', os.arch: 'x86_64', os.version: '10.14.6', java.version: '1.8.0_211'\nDriver info: driver.version: FirefoxDriver",
      "time" : {
        "start" : 1567180145515,
        "stop" : 1567180145519,
        "duration" : 4
      }
    }, {
      "uid" : "c7c538d1997517c2",
      "status" : "skipped",
      "statusDetails" : "Cannot find firefox binary in PATH. Make sure firefox is installed. OS appears to be: MAC\nBuild info: version: '3.141.59', revision: 'e82be7d358', time: '2018-11-14T08:17:03'\nSystem info: host: 'vaulin-macbookpro.roam.corp.google.com', ip: '2620:0:1000:fd45:e57e:a765:8dc6:210d%en0', os.name: 'Mac OS X', os.arch: 'x86_64', os.version: '10.14.6', java.version: '1.8.0_211'\nDriver info: driver.version: FirefoxDriver",
      "time" : {
        "start" : 1567012945919,
        "stop" : 1567012945922,
        "duration" : 3
      }
    }, {
      "uid" : "54b4d9ea45a54e18",
      "status" : "skipped",
      "statusDetails" : "Cannot find firefox binary in PATH. Make sure firefox is installed. OS appears to be: MAC\nBuild info: version: '3.141.59', revision: 'e82be7d358', time: '2018-11-14T08:17:03'\nSystem info: host: 'vaulin-macbookpro.roam.corp.google.com', ip: '2620:0:1000:fd45:746f:9895:b72b:cf35%en0', os.name: 'Mac OS X', os.arch: 'x86_64', os.version: '10.14.6', java.version: '1.8.0_211'\nDriver info: driver.version: FirefoxDriver",
      "time" : {
        "start" : 1566947993356,
        "stop" : 1566947993359,
        "duration" : 3
      }
    } ],
    "categories" : [ {
      "name" : "Test defects",
      "matchedStatuses" : [ ],
      "flaky" : false
    } ],
    "history" : {
      "statistic" : {
        "failed" : 0,
        "broken" : 13,
        "skipped" : 11,
        "passed" : 0,
        "unknown" : 0,
        "total" : 24
      },
      "items" : [ {
        "uid" : "eebe57a200a677d7",
        "status" : "broken",
        "statusDetails" : "Cannot find elements when the id is null.",
        "time" : {
          "start" : 1567225211710,
          "stop" : 1567225211722,
          "duration" : 12
        }
      }, {
        "uid" : "52fb590bb992340",
        "status" : "broken",
        "statusDetails" : "Cannot find elements when the id is null.",
        "time" : {
          "start" : 1567219876322,
          "stop" : 1567219876334,
          "duration" : 12
        }
      }, {
        "uid" : "ee0d85435561b909",
        "status" : "broken",
        "statusDetails" : "Cannot find elements when the id is null.",
        "time" : {
          "start" : 1567219237285,
          "stop" : 1567219237298,
          "duration" : 13
        }
      }, {
        "uid" : "770582e2a04640cc",
        "status" : "broken",
        "statusDetails" : "Cannot find elements when the id is null.",
        "time" : {
          "start" : 1567219074338,
          "stop" : 1567219074349,
          "duration" : 11
        }
      }, {
        "uid" : "3a5f412bd8f7c67d",
        "status" : "broken",
        "statusDetails" : "Cannot find elements when the id is null.",
        "time" : {
          "start" : 1567218834987,
          "stop" : 1567218835003,
          "duration" : 16
        }
      } ]
    },
    "tags" : [ ]
  },
  "source" : "717ea0290f12681f.json",
  "parameterValues" : [ ]
}