{
  "uid" : "d291333bc2934f94",
  "name" : "SignUp Page Validating",
  "fullName" : "core.AllureReportTest.SignUpTest",
  "historyId" : "cc5d1fe6ea2d74c9a51f35faa60c78f9",
  "time" : {
    "start" : 1566948266029,
    "stop" : 1566948266033,
    "duration" : 4
  },
  "description" : "SignUp Page: Elemets Validation",
  "descriptionHtml" : "<p>SignUp Page: Elemets Validation</p>\n",
  "status" : "skipped",
  "statusMessage" : "Cannot find firefox binary in PATH. Make sure firefox is installed. OS appears to be: MAC\nBuild info: version: '3.141.59', revision: 'e82be7d358', time: '2018-11-14T08:17:03'\nSystem info: host: 'vaulin-macbookpro.roam.corp.google.com', ip: '2620:0:1000:fd45:746f:9895:b72b:cf35%en0', os.name: 'Mac OS X', os.arch: 'x86_64', os.version: '10.14.6', java.version: '1.8.0_211'\nDriver info: driver.version: FirefoxDriver",
  "statusTrace" : "org.openqa.selenium.WebDriverException: Cannot find firefox binary in PATH. Make sure firefox is installed. OS appears to be: MAC\nBuild info: version: '3.141.59', revision: 'e82be7d358', time: '2018-11-14T08:17:03'\nSystem info: host: 'vaulin-macbookpro.roam.corp.google.com', ip: '2620:0:1000:fd45:746f:9895:b72b:cf35%en0', os.name: 'Mac OS X', os.arch: 'x86_64', os.version: '10.14.6', java.version: '1.8.0_211'\nDriver info: driver.version: FirefoxDriver\n\tat org.openqa.selenium.firefox.FirefoxBinary.<init>(FirefoxBinary.java:100)\n\tat java.util.Optional.orElseGet(Optional.java:267)\n\tat org.openqa.selenium.firefox.FirefoxOptions.getBinary(FirefoxOptions.java:216)\n\tat org.openqa.selenium.firefox.FirefoxDriver.toExecutor(FirefoxDriver.java:187)\n\tat org.openqa.selenium.firefox.FirefoxDriver.<init>(FirefoxDriver.java:147)\n\tat org.openqa.selenium.firefox.FirefoxDriver.<init>(FirefoxDriver.java:125)\n\tat core.Common.getWebDriver(Common.java:37)\n\tat core.Common.open(Common.java:75)\n\tat core.SignUp.open(SignUp.java:16)\n\tat core.AllureReportTest.setUp(AllureReportTest.java:77)\n\tat sun.reflect.NativeMethodAccessorImpl.invoke0(Native Method)\n\tat sun.reflect.NativeMethodAccessorImpl.invoke(NativeMethodAccessorImpl.java:62)\n\tat sun.reflect.DelegatingMethodAccessorImpl.invoke(DelegatingMethodAccessorImpl.java:43)\n\tat java.lang.reflect.Method.invoke(Method.java:498)\n\tat org.testng.internal.MethodInvocationHelper.invokeMethod(MethodInvocationHelper.java:133)\n\tat org.testng.internal.MethodInvocationHelper.invokeMethodConsideringTimeout(MethodInvocationHelper.java:62)\n\tat org.testng.internal.ConfigInvoker.invokeConfigurationMethod(ConfigInvoker.java:340)\n\tat org.testng.internal.ConfigInvoker.invokeConfigurations(ConfigInvoker.java:294)\n\tat org.testng.internal.TestMethodWorker.invokeBeforeClassMethods(TestMethodWorker.java:176)\n\tat org.testng.internal.TestMethodWorker.run(TestMethodWorker.java:122)\n\tat java.util.ArrayList.forEach(ArrayList.java:1257)\n\tat org.testng.TestRunner.privateRun(TestRunner.java:770)\n\tat org.testng.TestRunner.run(TestRunner.java:591)\n\tat org.testng.SuiteRunner.runTest(SuiteRunner.java:402)\n\tat org.testng.SuiteRunner.runSequentially(SuiteRunner.java:396)\n\tat org.testng.SuiteRunner.privateRun(SuiteRunner.java:355)\n\tat org.testng.SuiteRunner.run(SuiteRunner.java:304)\n\tat org.testng.SuiteRunnerWorker.runSuite(SuiteRunnerWorker.java:53)\n\tat org.testng.SuiteRunnerWorker.run(SuiteRunnerWorker.java:96)\n\tat org.testng.TestNG.runSuitesSequentially(TestNG.java:1180)\n\tat org.testng.TestNG.runSuitesLocally(TestNG.java:1102)\n\tat org.testng.TestNG.runSuites(TestNG.java:1032)\n\tat org.testng.TestNG.run(TestNG.java:1000)\n\tat org.apache.maven.surefire.testng.TestNGExecutor.run(TestNGExecutor.java:135)\n\tat org.apache.maven.surefire.testng.TestNGDirectoryTestSuite.executeSingleClass(TestNGDirectoryTestSuite.java:112)\n\tat org.apache.maven.surefire.testng.TestNGDirectoryTestSuite.execute(TestNGDirectoryTestSuite.java:99)\n\tat org.apache.maven.surefire.testng.TestNGProvider.invoke(TestNGProvider.java:146)\n\tat org.apache.maven.surefire.booter.ForkedBooter.invokeProviderInSameClassLoader(ForkedBooter.java:384)\n\tat org.apache.maven.surefire.booter.ForkedBooter.runSuitesInProcess(ForkedBooter.java:345)\n\tat org.apache.maven.surefire.booter.ForkedBooter.execute(ForkedBooter.java:126)\n\tat org.apache.maven.surefire.booter.ForkedBooter.main(ForkedBooter.java:418)\n",
  "flaky" : false,
  "beforeStages" : [ {
    "name" : "setUp",
    "time" : {
      "start" : 1566948265696,
      "stop" : 1566948265832,
      "duration" : 136
    },
    "description" : "",
    "status" : "broken",
    "statusMessage" : "Cannot find firefox binary in PATH. Make sure firefox is installed. OS appears to be: MAC\nBuild info: version: '3.141.59', revision: 'e82be7d358', time: '2018-11-14T08:17:03'\nSystem info: host: 'vaulin-macbookpro.roam.corp.google.com', ip: '2620:0:1000:fd45:746f:9895:b72b:cf35%en0', os.name: 'Mac OS X', os.arch: 'x86_64', os.version: '10.14.6', java.version: '1.8.0_211'\nDriver info: driver.version: FirefoxDriver",
    "statusTrace" : "org.openqa.selenium.WebDriverException: Cannot find firefox binary in PATH. Make sure firefox is installed. OS appears to be: MAC\nBuild info: version: '3.141.59', revision: 'e82be7d358', time: '2018-11-14T08:17:03'\nSystem info: host: 'vaulin-macbookpro.roam.corp.google.com', ip: '2620:0:1000:fd45:746f:9895:b72b:cf35%en0', os.name: 'Mac OS X', os.arch: 'x86_64', os.version: '10.14.6', java.version: '1.8.0_211'\nDriver info: driver.version: FirefoxDriver\n\tat org.openqa.selenium.firefox.FirefoxBinary.<init>(FirefoxBinary.java:100)\n\tat java.util.Optional.orElseGet(Optional.java:267)\n\tat org.openqa.selenium.firefox.FirefoxOptions.getBinary(FirefoxOptions.java:216)\n\tat org.openqa.selenium.firefox.FirefoxDriver.toExecutor(FirefoxDriver.java:187)\n\tat org.openqa.selenium.firefox.FirefoxDriver.<init>(FirefoxDriver.java:147)\n\tat org.openqa.selenium.firefox.FirefoxDriver.<init>(FirefoxDriver.java:125)\n\tat core.Common.getWebDriver(Common.java:37)\n\tat core.Common.open(Common.java:75)\n\tat core.SignUp.open(SignUp.java:16)\n\tat core.AllureReportTest.setUp(AllureReportTest.java:77)\n\tat sun.reflect.NativeMethodAccessorImpl.invoke0(Native Method)\n\tat sun.reflect.NativeMethodAccessorImpl.invoke(NativeMethodAccessorImpl.java:62)\n\tat sun.reflect.DelegatingMethodAccessorImpl.invoke(DelegatingMethodAccessorImpl.java:43)\n\tat java.lang.reflect.Method.invoke(Method.java:498)\n\tat org.testng.internal.MethodInvocationHelper.invokeMethod(MethodInvocationHelper.java:133)\n\tat org.testng.internal.MethodInvocationHelper.invokeMethodConsideringTimeout(MethodInvocationHelper.java:62)\n\tat org.testng.internal.ConfigInvoker.invokeConfigurationMethod(ConfigInvoker.java:340)\n\tat org.testng.internal.ConfigInvoker.invokeConfigurations(ConfigInvoker.java:294)\n\tat org.testng.internal.TestMethodWorker.invokeBeforeClassMethods(TestMethodWorker.java:176)\n\tat org.testng.internal.TestMethodWorker.run(TestMethodWorker.java:122)\n\tat java.util.ArrayList.forEach(ArrayList.java:1257)\n\tat org.testng.TestRunner.privateRun(TestRunner.java:770)\n\tat org.testng.TestRunner.run(TestRunner.java:591)\n\tat org.testng.SuiteRunner.runTest(SuiteRunner.java:402)\n\tat org.testng.SuiteRunner.runSequentially(SuiteRunner.java:396)\n\tat org.testng.SuiteRunner.privateRun(SuiteRunner.java:355)\n\tat org.testng.SuiteRunner.run(SuiteRunner.java:304)\n\tat org.testng.SuiteRunnerWorker.runSuite(SuiteRunnerWorker.java:53)\n\tat org.testng.SuiteRunnerWorker.run(SuiteRunnerWorker.java:96)\n\tat org.testng.TestNG.runSuitesSequentially(TestNG.java:1180)\n\tat org.testng.TestNG.runSuitesLocally(TestNG.java:1102)\n\tat org.testng.TestNG.runSuites(TestNG.java:1032)\n\tat org.testng.TestNG.run(TestNG.java:1000)\n\tat org.apache.maven.surefire.testng.TestNGExecutor.run(TestNGExecutor.java:135)\n\tat org.apache.maven.surefire.testng.TestNGDirectoryTestSuite.executeSingleClass(TestNGDirectoryTestSuite.java:112)\n\tat org.apache.maven.surefire.testng.TestNGDirectoryTestSuite.execute(TestNGDirectoryTestSuite.java:99)\n\tat org.apache.maven.surefire.testng.TestNGProvider.invoke(TestNGProvider.java:146)\n\tat org.apache.maven.surefire.booter.ForkedBooter.invokeProviderInSameClassLoader(ForkedBooter.java:384)\n\tat org.apache.maven.surefire.booter.ForkedBooter.runSuitesInProcess(ForkedBooter.java:345)\n\tat org.apache.maven.surefire.booter.ForkedBooter.execute(ForkedBooter.java:126)\n\tat org.apache.maven.surefire.booter.ForkedBooter.main(ForkedBooter.java:418)\n",
    "steps" : [ {
      "name" : "Step [open browser]",
      "time" : {
        "start" : 1566948265715,
        "stop" : 1566948265830,
        "duration" : 115
      },
      "status" : "broken",
      "statusMessage" : "Cannot find firefox binary in PATH. Make sure firefox is installed. OS appears to be: MAC\nBuild info: version: '3.141.59', revision: 'e82be7d358', time: '2018-11-14T08:17:03'\nSystem info: host: 'vaulin-macbookpro.roam.corp.google.com', ip: '2620:0:1000:fd45:746f:9895:b72b:cf35%en0', os.name: 'Mac OS X', os.arch: 'x86_64', os.version: '10.14.6', java.version: '1.8.0_211'\nDriver info: driver.version: FirefoxDriver",
      "statusTrace" : "org.openqa.selenium.WebDriverException: Cannot find firefox binary in PATH. Make sure firefox is installed. OS appears to be: MAC\nBuild info: version: '3.141.59', revision: 'e82be7d358', time: '2018-11-14T08:17:03'\nSystem info: host: 'vaulin-macbookpro.roam.corp.google.com', ip: '2620:0:1000:fd45:746f:9895:b72b:cf35%en0', os.name: 'Mac OS X', os.arch: 'x86_64', os.version: '10.14.6', java.version: '1.8.0_211'\nDriver info: driver.version: FirefoxDriver\n\tat org.openqa.selenium.firefox.FirefoxBinary.<init>(FirefoxBinary.java:100)\n\tat java.util.Optional.orElseGet(Optional.java:267)\n\tat org.openqa.selenium.firefox.FirefoxOptions.getBinary(FirefoxOptions.java:216)\n\tat org.openqa.selenium.firefox.FirefoxDriver.toExecutor(FirefoxDriver.java:187)\n\tat org.openqa.selenium.firefox.FirefoxDriver.<init>(FirefoxDriver.java:147)\n\tat org.openqa.selenium.firefox.FirefoxDriver.<init>(FirefoxDriver.java:125)\n\tat core.Common.getWebDriver(Common.java:37)\n\tat core.Common.open(Common.java:75)\n\tat core.SignUp.open(SignUp.java:16)\n\tat core.AllureReportTest.setUp(AllureReportTest.java:77)\n\tat sun.reflect.NativeMethodAccessorImpl.invoke0(Native Method)\n\tat sun.reflect.NativeMethodAccessorImpl.invoke(NativeMethodAccessorImpl.java:62)\n\tat sun.reflect.DelegatingMethodAccessorImpl.invoke(DelegatingMethodAccessorImpl.java:43)\n\tat java.lang.reflect.Method.invoke(Method.java:498)\n\tat org.testng.internal.MethodInvocationHelper.invokeMethod(MethodInvocationHelper.java:133)\n\tat org.testng.internal.MethodInvocationHelper.invokeMethodConsideringTimeout(MethodInvocationHelper.java:62)\n\tat org.testng.internal.ConfigInvoker.invokeConfigurationMethod(ConfigInvoker.java:340)\n\tat org.testng.internal.ConfigInvoker.invokeConfigurations(ConfigInvoker.java:294)\n\tat org.testng.internal.TestMethodWorker.invokeBeforeClassMethods(TestMethodWorker.java:176)\n\tat org.testng.internal.TestMethodWorker.run(TestMethodWorker.java:122)\n\tat java.util.ArrayList.forEach(ArrayList.java:1257)\n\tat org.testng.TestRunner.privateRun(TestRunner.java:770)\n\tat org.testng.TestRunner.run(TestRunner.java:591)\n\tat org.testng.SuiteRunner.runTest(SuiteRunner.java:402)\n\tat org.testng.SuiteRunner.runSequentially(SuiteRunner.java:396)\n\tat org.testng.SuiteRunner.privateRun(SuiteRunner.java:355)\n\tat org.testng.SuiteRunner.run(SuiteRunner.java:304)\n\tat org.testng.SuiteRunnerWorker.runSuite(SuiteRunnerWorker.java:53)\n\tat org.testng.SuiteRunnerWorker.run(SuiteRunnerWorker.java:96)\n\tat org.testng.TestNG.runSuitesSequentially(TestNG.java:1180)\n\tat org.testng.TestNG.runSuitesLocally(TestNG.java:1102)\n\tat org.testng.TestNG.runSuites(TestNG.java:1032)\n\tat org.testng.TestNG.run(TestNG.java:1000)\n\tat org.apache.maven.surefire.testng.TestNGExecutor.run(TestNGExecutor.java:135)\n\tat org.apache.maven.surefire.testng.TestNGDirectoryTestSuite.executeSingleClass(TestNGDirectoryTestSuite.java:112)\n\tat org.apache.maven.surefire.testng.TestNGDirectoryTestSuite.execute(TestNGDirectoryTestSuite.java:99)\n\tat org.apache.maven.surefire.testng.TestNGProvider.invoke(TestNGProvider.java:146)\n\tat org.apache.maven.surefire.booter.ForkedBooter.invokeProviderInSameClassLoader(ForkedBooter.java:384)\n\tat org.apache.maven.surefire.booter.ForkedBooter.runSuitesInProcess(ForkedBooter.java:345)\n\tat org.apache.maven.surefire.booter.ForkedBooter.execute(ForkedBooter.java:126)\n\tat org.apache.maven.surefire.booter.ForkedBooter.main(ForkedBooter.java:418)\n",
      "steps" : [ ],
      "attachments" : [ ],
      "parameters" : [ ],
      "stepsCount" : 0,
      "attachmentsCount" : 0,
      "shouldDisplayMessage" : true,
      "hasContent" : true
    } ],
    "attachments" : [ ],
    "parameters" : [ ],
    "stepsCount" : 1,
    "attachmentsCount" : 0,
    "shouldDisplayMessage" : false,
    "hasContent" : true
  } ],
  "afterStages" : [ {
    "name" : "tearDowm",
    "time" : {
      "start" : 1566948266039,
      "stop" : 1566948266039,
      "duration" : 0
    },
    "description" : "",
    "status" : "broken",
    "steps" : [ ],
    "attachments" : [ ],
    "parameters" : [ ],
    "stepsCount" : 0,
    "attachmentsCount" : 0,
    "shouldDisplayMessage" : false,
    "hasContent" : false
  } ],
  "labels" : [ {
    "name" : "package",
    "value" : "core.AllureReportTest"
  }, {
    "name" : "testClass",
    "value" : "core.AllureReportTest"
  }, {
    "name" : "testMethod",
    "value" : "SignUpTest"
  }, {
    "name" : "parentSuite",
    "value" : "Surefire suite"
  }, {
    "name" : "suite",
    "value" : "Surefire test"
  }, {
    "name" : "subSuite",
    "value" : "core.AllureReportTest"
  }, {
    "name" : "host",
    "value" : "vaulin-macbookpro.roam.corp.google.com"
  }, {
    "name" : "thread",
    "value" : "20073@vaulin-macbookpro.roam.corp.google.com.main(1)"
  }, {
    "name" : "framework",
    "value" : "testng"
  }, {
    "name" : "language",
    "value" : "java"
  }, {
    "name" : "resultFormat",
    "value" : "allure2"
  } ],
  "parameters" : [ ],
  "links" : [ ],
  "hidden" : false,
  "retry" : false,
  "extra" : {
    "severity" : "normal",
    "retries" : [ {
      "uid" : "974c7a084f274f7b",
      "status" : "passed",
      "time" : {
        "start" : 1566948123601,
        "stop" : 1566948124651,
        "duration" : 1050
      }
    }, {
      "uid" : "d2ea5cd78ce513ee",
      "status" : "skipped",
      "statusDetails" : "Cannot find firefox binary in PATH. Make sure firefox is installed. OS appears to be: MAC\nBuild info: version: '3.141.59', revision: 'e82be7d358', time: '2018-11-14T08:17:03'\nSystem info: host: 'vaulin-macbookpro.roam.corp.google.com', ip: '2620:0:1000:fd45:746f:9895:b72b:cf35%en0', os.name: 'Mac OS X', os.arch: 'x86_64', os.version: '10.14.6', java.version: '1.8.0_211'\nDriver info: driver.version: FirefoxDriver",
      "time" : {
        "start" : 1566948041625,
        "stop" : 1566948041628,
        "duration" : 3
      }
    }, {
      "uid" : "e1c641b7d27b102f",
      "status" : "passed",
      "time" : {
        "start" : 1566421757187,
        "stop" : 1566421757900,
        "duration" : 713
      }
    }, {
      "uid" : "6b4d6378beb5d10",
      "status" : "passed",
      "time" : {
        "start" : 1566420715747,
        "stop" : 1566420716421,
        "duration" : 674
      }
    }, {
      "uid" : "30a87ca52ec36444",
      "status" : "passed",
      "time" : {
        "start" : 1566420155273,
        "stop" : 1566420155963,
        "duration" : 690
      }
    }, {
      "uid" : "aeb4d8a0106062e8",
      "status" : "passed",
      "time" : {
        "start" : 1566419888323,
        "stop" : 1566419889005,
        "duration" : 682
      }
    }, {
      "uid" : "9249c34a4fa0bb0a",
      "status" : "passed",
      "time" : {
        "start" : 1566419519415,
        "stop" : 1566419520080,
        "duration" : 665
      }
    }, {
      "uid" : "ae98f5dffefe5b1c",
      "status" : "passed",
      "time" : {
        "start" : 1566419256958,
        "stop" : 1566419257645,
        "duration" : 687
      }
    }, {
      "uid" : "1a6efb6d0be12693",
      "status" : "passed",
      "time" : {
        "start" : 1566418698618,
        "stop" : 1566418699311,
        "duration" : 693
      }
    }, {
      "uid" : "c24289dc5e1c3949",
      "status" : "passed",
      "time" : {
        "start" : 1566344770851,
        "stop" : 1566344771683,
        "duration" : 832
      }
    }, {
      "uid" : "53b03da0aced801f",
      "status" : "passed",
      "time" : {
        "start" : 1566344748628,
        "stop" : 1566344749376,
        "duration" : 748
      }
    }, {
      "uid" : "e02bdaf3a6d6478",
      "status" : "passed",
      "time" : {
        "start" : 1566344652653,
        "stop" : 1566344653357,
        "duration" : 704
      }
    } ],
    "categories" : [ {
      "name" : "Ignored",
      "matchedStatuses" : [ "skipped" ],
      "flaky" : false
    } ],
    "history" : {
      "statistic" : {
        "failed" : 0,
        "broken" : 0,
        "skipped" : 5,
        "passed" : 12,
        "unknown" : 0,
        "total" : 17
      },
      "items" : [ {
        "uid" : "b266595b6679e5a0",
        "status" : "skipped",
        "statusDetails" : "Cannot find firefox binary in PATH. Make sure firefox is installed. OS appears to be: MAC\nBuild info: version: '3.141.59', revision: 'e82be7d358', time: '2018-11-14T08:17:03'\nSystem info: host: 'vaulin-macbookpro.roam.corp.google.com', ip: '2620:0:1000:fd45:746f:9895:b72b:cf35%en0', os.name: 'Mac OS X', os.arch: 'x86_64', os.version: '10.14.6', java.version: '1.8.0_211'\nDriver info: driver.version: FirefoxDriver",
        "time" : {
          "start" : 1566948266029,
          "stop" : 1566948266033,
          "duration" : 4
        }
      }, {
        "uid" : "45cdc94cc41c41a1",
        "status" : "skipped",
        "statusDetails" : "Cannot find firefox binary in PATH. Make sure firefox is installed. OS appears to be: MAC\nBuild info: version: '3.141.59', revision: 'e82be7d358', time: '2018-11-14T08:17:03'\nSystem info: host: 'vaulin-macbookpro.roam.corp.google.com', ip: '2620:0:1000:fd45:746f:9895:b72b:cf35%en0', os.name: 'Mac OS X', os.arch: 'x86_64', os.version: '10.14.6', java.version: '1.8.0_211'\nDriver info: driver.version: FirefoxDriver",
        "time" : {
          "start" : 1566948266029,
          "stop" : 1566948266033,
          "duration" : 4
        }
      }, {
        "uid" : "64251a286581384f",
        "status" : "skipped",
        "statusDetails" : "Cannot find firefox binary in PATH. Make sure firefox is installed. OS appears to be: MAC\nBuild info: version: '3.141.59', revision: 'e82be7d358', time: '2018-11-14T08:17:03'\nSystem info: host: 'vaulin-macbookpro.roam.corp.google.com', ip: '2620:0:1000:fd45:746f:9895:b72b:cf35%en0', os.name: 'Mac OS X', os.arch: 'x86_64', os.version: '10.14.6', java.version: '1.8.0_211'\nDriver info: driver.version: FirefoxDriver",
        "time" : {
          "start" : 1566948266029,
          "stop" : 1566948266033,
          "duration" : 4
        }
      }, {
        "uid" : "3b0e7b5fedf5cd02",
        "status" : "passed",
        "time" : {
          "start" : 1566948123601,
          "stop" : 1566948124651,
          "duration" : 1050
        }
      }, {
        "uid" : "b7210b301d8c8988",
        "status" : "skipped",
        "statusDetails" : "Cannot find firefox binary in PATH. Make sure firefox is installed. OS appears to be: MAC\nBuild info: version: '3.141.59', revision: 'e82be7d358', time: '2018-11-14T08:17:03'\nSystem info: host: 'vaulin-macbookpro.roam.corp.google.com', ip: '2620:0:1000:fd45:746f:9895:b72b:cf35%en0', os.name: 'Mac OS X', os.arch: 'x86_64', os.version: '10.14.6', java.version: '1.8.0_211'\nDriver info: driver.version: FirefoxDriver",
        "time" : {
          "start" : 1566948041625,
          "stop" : 1566948041628,
          "duration" : 3
        }
      } ]
    },
    "tags" : [ ]
  },
  "source" : "d291333bc2934f94.json",
  "parameterValues" : [ ]
}