<?xml version="1.0" encoding="UTF-8"?>
<!-- Generated by org.testng.reporters.JUnitXMLReporter -->
<testsuite hostname="vaulin-macbookpro.roam.corp.google.com" ignored="0" name="Surefire test" tests="2" failures="1" timestamp="2019-08-30T21:51:23 PDT" time="4.055" errors="0">
  <testcase name="SignUpTest" time="0.049" classname="core.ExtentReportsTest">
    <failure type="java.lang.IllegalArgumentException" message="Cannot find elements when the id is null.">
      <![CDATA[java.lang.IllegalArgumentException: Cannot find elements when the id is null.
at org.openqa.selenium.By$ById.<init>(By.java:171)
at org.openqa.selenium.By.id(By.java:52)
at core.SignUp.validate(SignUp.java:23)
at core.ExtentReportsTest.SignUpTest(ExtentReportsTest.java:43)
at java.util.ArrayList.forEach(ArrayList.java:1257)
... Removed 32 stack frames]]>
    </failure>
  </testcase> <!-- SignUpTest -->
  <testcase name="ConfirmationTest" time="0.0" classname="core.ExtentReportsTest">
    <skipped/>
  </testcase> <!-- ConfirmationTest -->
</testsuite> <!-- Surefire test -->
